<?xml version="1.0" encoding="UTF-8"?>
<testsuite xmlns:xsi="http://www.w3.org/2001/XMLSchema-instance" xsi:noNamespaceSchemaLocation="https://maven.apache.org/surefire/maven-surefire-plugin/xsd/surefire-test-report.xsd" name="Calculator.com.mindtree.AppTest" time="0.061" tests="5" errors="0" skipped="0" failures="0">
  <properties>
[...]
</properties>
  <testcase name="shouldAnswerWithTrue" classname="Calculator.com.mindtree.AppTest" time="0.004"/>
  <testcase name="testSubtract" classname="Calculator.com.mindtree.AppTest" time="0"/>
  <testcase name="testAdd1Plus1" classname="Calculator.com.mindtree.AppTest" time="0"/>
  <testcase name="testDivide" classname="Calculator.com.mindtree.AppTest" time="0"/>
  <testcase name="testMultiply" classname="Calculator.com.mindtree.AppTest" time="0"/>
</testsuite>